<?xml version="1.0" encoding="UTF-8"?>
<testsuite name="com.cloudingYo.barrierFree.infraNearbyPlace.repository.InfraNearbyPlaceRepositoryTest" tests="1" skipped="0" failures="0" errors="0" timestamp="2024-09-22T08:13:05" hostname="oseungjun-ui-MacBookPro.local" time="0.345">
  <properties/>
  <testcase name="findInfraNearbyPlace()" classname="com.cloudingYo.barrierFree.infraNearbyPlace.repository.InfraNearbyPlaceRepositoryTest" time="0.345"/>
  <system-out><![CDATA[17:13:03.089 [Test worker] INFO org.springframework.test.context.support.AnnotationConfigContextLoaderUtils -- Could not detect default configuration classes for test class [com.cloudingYo.barrierFree.infraNearbyPlace.repository.InfraNearbyPlaceRepositoryTest]: InfraNearbyPlaceRepositoryTest does not declare any static, non-private, non-final, nested classes annotated with @Configuration.
17:13:03.137 [Test worker] INFO org.springframework.boot.test.context.SpringBootTestContextBootstrapper -- Found @SpringBootConfiguration com.cloudingYo.barrierFree.BarrierFreeApplication for test class com.cloudingYo.barrierFree.infraNearbyPlace.repository.InfraNearbyPlaceRepositoryTest

  .   ____          _            __ _ _
 /\\ / ___'_ __ _ _(_)_ __  __ _ \ \ \ \
( ( )\___ | '_ | '_| | '_ \/ _` | \ \ \ \
 \\/  ___)| |_)| | | | | || (_| |  ) ) ) )
  '  |____| .__|_| |_|_| |_\__, | / / / /
 =========|_|==============|___/=/_/_/_/

 :: Spring Boot ::                (v3.3.3)

2024-09-22T17:13:03.336+09:00  INFO 29628 --- [    Test worker] c.c.b.i.r.InfraNearbyPlaceRepositoryTest : Starting InfraNearbyPlaceRepositoryTest using Java 17.0.7 with PID 29628 (started by hellosj00 in /Users/hellosj00/dev/contest42-server)
2024-09-22T17:13:03.337+09:00  INFO 29628 --- [    Test worker] c.c.b.i.r.InfraNearbyPlaceRepositoryTest : No active profile set, falling back to 1 default profile: "default"
2024-09-22T17:13:03.613+09:00  INFO 29628 --- [    Test worker] .s.d.r.c.RepositoryConfigurationDelegate : Bootstrapping Spring Data JPA repositories in DEFAULT mode.
2024-09-22T17:13:03.642+09:00  INFO 29628 --- [    Test worker] .s.d.r.c.RepositoryConfigurationDelegate : Finished Spring Data repository scanning in 25 ms. Found 5 JPA repository interfaces.
2024-09-22T17:13:03.865+09:00  INFO 29628 --- [    Test worker] o.hibernate.jpa.internal.util.LogHelper  : HHH000204: Processing PersistenceUnitInfo [name: default]
2024-09-22T17:13:03.892+09:00  INFO 29628 --- [    Test worker] org.hibernate.Version                    : HHH000412: Hibernate ORM core version 6.5.2.Final
2024-09-22T17:13:03.907+09:00  INFO 29628 --- [    Test worker] o.h.c.internal.RegionFactoryInitiator    : HHH000026: Second-level cache disabled
2024-09-22T17:13:04.050+09:00  INFO 29628 --- [    Test worker] o.s.o.j.p.SpringPersistenceUnitInfo      : No LoadTimeWeaver setup: ignoring JPA class transformer
2024-09-22T17:13:04.062+09:00  INFO 29628 --- [    Test worker] com.zaxxer.hikari.HikariDataSource       : HikariPool-1 - Starting...
2024-09-22T17:13:04.221+09:00  INFO 29628 --- [    Test worker] com.zaxxer.hikari.pool.HikariPool        : HikariPool-1 - Added connection com.mysql.cj.jdbc.ConnectionImpl@1f4dd016
2024-09-22T17:13:04.223+09:00  INFO 29628 --- [    Test worker] com.zaxxer.hikari.HikariDataSource       : HikariPool-1 - Start completed.
2024-09-22T17:13:04.747+09:00  INFO 29628 --- [    Test worker] o.h.e.t.j.p.i.JtaPlatformInitiator       : HHH000489: No JTA platform available (set 'hibernate.transaction.jta.platform' to enable JTA platform integration)
2024-09-22T17:13:04.753+09:00 DEBUG 29628 --- [    Test worker] org.hibernate.SQL                        : 
    alter table infra_nearby_place 
       drop 
       foreign key FKmvyk46onu57sbhgwyabqe1b0f
Hibernate: 
    alter table infra_nearby_place 
       drop 
       foreign key FKmvyk46onu57sbhgwyabqe1b0f
2024-09-22T17:13:04.770+09:00 DEBUG 29628 --- [    Test worker] org.hibernate.SQL                        : 
    alter table infra_nearby_place 
       drop 
       foreign key FKgt92scvf9m87u5cw027dg6nq4
Hibernate: 
    alter table infra_nearby_place 
       drop 
       foreign key FKgt92scvf9m87u5cw027dg6nq4
2024-09-22T17:13:04.778+09:00 DEBUG 29628 --- [    Test worker] org.hibernate.SQL                        : 
    alter table review 
       drop 
       foreign key FKn429agmmvh298piqrnnd4gbfg
Hibernate: 
    alter table review 
       drop 
       foreign key FKn429agmmvh298piqrnnd4gbfg
2024-09-22T17:13:04.786+09:00 DEBUG 29628 --- [    Test worker] org.hibernate.SQL                        : 
    alter table review 
       drop 
       foreign key FKiyf57dy48lyiftdrf7y87rnxi
Hibernate: 
    alter table review 
       drop 
       foreign key FKiyf57dy48lyiftdrf7y87rnxi
2024-09-22T17:13:04.791+09:00 DEBUG 29628 --- [    Test worker] org.hibernate.SQL                        : 
    drop table if exists infra
Hibernate: 
    drop table if exists infra
2024-09-22T17:13:04.797+09:00 DEBUG 29628 --- [    Test worker] org.hibernate.SQL                        : 
    drop table if exists infra_nearby_place
Hibernate: 
    drop table if exists infra_nearby_place
2024-09-22T17:13:04.800+09:00 DEBUG 29628 --- [    Test worker] org.hibernate.SQL                        : 
    drop table if exists place
Hibernate: 
    drop table if exists place
2024-09-22T17:13:04.802+09:00 DEBUG 29628 --- [    Test worker] org.hibernate.SQL                        : 
    drop table if exists review
Hibernate: 
    drop table if exists review
2024-09-22T17:13:04.805+09:00 DEBUG 29628 --- [    Test worker] org.hibernate.SQL                        : 
    drop table if exists user
Hibernate: 
    drop table if exists user
2024-09-22T17:13:04.810+09:00 DEBUG 29628 --- [    Test worker] org.hibernate.SQL                        : 
    create table infra (
        infra_id bigint not null auto_increment,
        infraname varchar(255),
        primary key (infra_id)
    ) engine=InnoDB
Hibernate: 
    create table infra (
        infra_id bigint not null auto_increment,
        infraname varchar(255),
        primary key (infra_id)
    ) engine=InnoDB
2024-09-22T17:13:04.813+09:00 DEBUG 29628 --- [    Test worker] org.hibernate.SQL                        : 
    create table infra_nearby_place (
        infra_id bigint not null,
        infra_nearby_place_id bigint not null auto_increment,
        place_id bigint not null,
        primary key (infra_nearby_place_id)
    ) engine=InnoDB
Hibernate: 
    create table infra_nearby_place (
        infra_id bigint not null,
        infra_nearby_place_id bigint not null auto_increment,
        place_id bigint not null,
        primary key (infra_nearby_place_id)
    ) engine=InnoDB
2024-09-22T17:13:04.816+09:00 DEBUG 29628 --- [    Test worker] org.hibernate.SQL                        : 
    create table place (
        latitude float(53),
        longitude float(53),
        review_count integer not null,
        place_id bigint not null auto_increment,
        placename varchar(255),
        primary key (place_id)
    ) engine=InnoDB
Hibernate: 
    create table place (
        latitude float(53),
        longitude float(53),
        review_count integer not null,
        place_id bigint not null auto_increment,
        placename varchar(255),
        primary key (place_id)
    ) engine=InnoDB
2024-09-22T17:13:04.820+09:00 DEBUG 29628 --- [    Test worker] org.hibernate.SQL                        : 
    create table review (
        created_date datetime(6),
        last_modified_date datetime(6),
        place_id bigint not null,
        review_id bigint not null auto_increment,
        user_id bigint not null,
        content varchar(255),
        primary key (review_id)
    ) engine=InnoDB
Hibernate: 
    create table review (
        created_date datetime(6),
        last_modified_date datetime(6),
        place_id bigint not null,
        review_id bigint not null auto_increment,
        user_id bigint not null,
        content varchar(255),
        primary key (review_id)
    ) engine=InnoDB
2024-09-22T17:13:04.823+09:00 DEBUG 29628 --- [    Test worker] org.hibernate.SQL                        : 
    create table user (
        created_date datetime(6),
        last_modified_date datetime(6),
        user_id bigint not null auto_increment,
        email varchar(255),
        password varchar(255),
        username varchar(255),
        primary key (user_id)
    ) engine=InnoDB
Hibernate: 
    create table user (
        created_date datetime(6),
        last_modified_date datetime(6),
        user_id bigint not null auto_increment,
        email varchar(255),
        password varchar(255),
        username varchar(255),
        primary key (user_id)
    ) engine=InnoDB
2024-09-22T17:13:04.830+09:00 DEBUG 29628 --- [    Test worker] org.hibernate.SQL                        : 
    alter table infra_nearby_place 
       add constraint FKmvyk46onu57sbhgwyabqe1b0f 
       foreign key (place_id) 
       references infra (infra_id)
Hibernate: 
    alter table infra_nearby_place 
       add constraint FKmvyk46onu57sbhgwyabqe1b0f 
       foreign key (place_id) 
       references infra (infra_id)
2024-09-22T17:13:04.838+09:00 DEBUG 29628 --- [    Test worker] org.hibernate.SQL                        : 
    alter table infra_nearby_place 
       add constraint FKgt92scvf9m87u5cw027dg6nq4 
       foreign key (infra_id) 
       references place (place_id)
Hibernate: 
    alter table infra_nearby_place 
       add constraint FKgt92scvf9m87u5cw027dg6nq4 
       foreign key (infra_id) 
       references place (place_id)
2024-09-22T17:13:04.846+09:00 DEBUG 29628 --- [    Test worker] org.hibernate.SQL                        : 
    alter table review 
       add constraint FKn429agmmvh298piqrnnd4gbfg 
       foreign key (place_id) 
       references place (place_id)
Hibernate: 
    alter table review 
       add constraint FKn429agmmvh298piqrnnd4gbfg 
       foreign key (place_id) 
       references place (place_id)
2024-09-22T17:13:04.853+09:00 DEBUG 29628 --- [    Test worker] org.hibernate.SQL                        : 
    alter table review 
       add constraint FKiyf57dy48lyiftdrf7y87rnxi 
       foreign key (user_id) 
       references user (user_id)
Hibernate: 
    alter table review 
       add constraint FKiyf57dy48lyiftdrf7y87rnxi 
       foreign key (user_id) 
       references user (user_id)
2024-09-22T17:13:04.863+09:00  INFO 29628 --- [    Test worker] j.LocalContainerEntityManagerFactoryBean : Initialized JPA EntityManagerFactory for persistence unit 'default'
2024-09-22T17:13:04.934+09:00  WARN 29628 --- [    Test worker] JpaBaseConfiguration$JpaWebConfiguration : spring.jpa.open-in-view is enabled by default. Therefore, database queries may be performed during view rendering. Explicitly configure spring.jpa.open-in-view to disable this warning
2024-09-22T17:13:05.282+09:00  INFO 29628 --- [    Test worker] c.c.b.i.r.InfraNearbyPlaceRepositoryTest : Started InfraNearbyPlaceRepositoryTest in 2.072 seconds (process running for 2.615)
2024-09-22T17:13:05.601+09:00 DEBUG 29628 --- [    Test worker] org.hibernate.SQL                        : 
    insert 
    into
        infra
        (infraname) 
    values
        (?)
Hibernate: 
    insert 
    into
        infra
        (infraname) 
    values
        (?)
2024-09-22T17:13:05.618+09:00 DEBUG 29628 --- [    Test worker] org.hibernate.SQL                        : 
    insert 
    into
        place
        (latitude, longitude, placename, review_count) 
    values
        (?, ?, ?, ?)
Hibernate: 
    insert 
    into
        place
        (latitude, longitude, placename, review_count) 
    values
        (?, ?, ?, ?)
2024-09-22T17:13:05.622+09:00 DEBUG 29628 --- [    Test worker] org.hibernate.SQL                        : 
    insert 
    into
        infra_nearby_place
        (place_id, infra_id) 
    values
        (?, ?)
Hibernate: 
    insert 
    into
        infra_nearby_place
        (place_id, infra_id) 
    values
        (?, ?)
]]></system-out>
  <system-err><![CDATA[]]></system-err>
</testsuite>
